#
# There is insufficient memory for the Java Runtime Environment to continue.
# Native memory allocation (mmap) failed to map 264241152 bytes for Failed to commit area from 0x0000000704e00000 to 0x0000000714a00000 of length 264241152.
# Possible reasons:
#   The system is out of physical RAM or swap space
#   The process is running with CompressedOops enabled, and the Java Heap may be blocking the growth of the native heap
# Possible solutions:
#   Reduce memory load on the system
#   Increase physical memory or swap space
#   Check if swap backing store is full
#   Decrease Java heap size (-Xmx/-Xms)
#   Decrease number of Java threads
#   Decrease Java thread stack sizes (-Xss)
#   Set larger code cache with -XX:ReservedCodeCacheSize=
# This output file may be truncated or incomplete.
#
#  Out of Memory Error (./src/hotspot/os/windows/os_windows.cpp:3301), pid=26024, tid=22964
#
# JRE version:  (11.0.10+9) (build )
# Java VM: Dynamic Code Evolution 64-Bit Server VM (11.0.10+9-b1341.41, mixed mode, sharing, tiered, compressed oops, g1 gc, windows-amd64)
# No core dump will be written. Minidumps are not enabled by default on client versions of Windows
#

---------------  S U M M A R Y ------------

Command Line: org.jetbrains.git4idea.http.GitAskPassApp Username for 'https://github.com': 

Host: 11th Gen Intel(R) Core(TM) i5-1135G7 @ 2.40GHz, 8 cores, 15G,  Windows 10 , 64 bit Build 19041 (10.0.19041.1023)
Time: Thu Jul 15 18:00:21 2021 SE Asia Standard Time elapsed time: 0.011564 seconds (0d 0h 0m 0s)

---------------  T H R E A D  ---------------

Current thread (0x00000215cd32f000):  JavaThread "Unknown thread" [_thread_in_vm, id=22964, stack(0x0000009754f00000,0x0000009755000000)]

Stack: [0x0000009754f00000,0x0000009755000000]
Native frames: (J=compiled Java code, j=interpreted, Vv=VM code, C=native code)
V  [jvm.dll+0x5f84fa]
V  [jvm.dll+0x77e085]
V  [jvm.dll+0x77f5dd]
V  [jvm.dll+0x77fc93]
V  [jvm.dll+0x2457e8]
V  [jvm.dll+0x5f58f4]
V  [jvm.dll+0x5ea975]
V  [jvm.dll+0x30228b]
V  [jvm.dll+0x3021fa]
V  [jvm.dll+0x3020d2]
V  [jvm.dll+0x306fb6]
V  [jvm.dll+0x34f843]
V  [jvm.dll+0x34ff46]
V  [jvm.dll+0x34f943]
V  [jvm.dll+0x2dbcb8]
V  [jvm.dll+0x2dce57]
V  [jvm.dll+0x75c4d7]
V  [jvm.dll+0x75dd6c]
V  [jvm.dll+0x35cdb9]
V  [jvm.dll+0x73fc9e]
V  [jvm.dll+0x3c5663]
V  [jvm.dll+0x3c7a21]
C  [jli.dll+0x5373]
C  [ucrtbase.dll+0x21bb2]
C  [KERNEL32.DLL+0x17034]
C  [ntdll.dll+0x52651]


---------------  P R O C E S S  ---------------

Threads class SMR info:
_java_thread_list=0x00000215cb0223b0, length=0, elements={
}

Java Threads: ( => current thread )

Other Threads:
  0x00000215cd348800 GCTaskThread "GC Thread#0" [stack: 0x0000009755000000,0x0000009755100000] [id=13880]
  0x00000215cd3a4800 ConcurrentGCThread "G1 Main Marker" [stack: 0x0000009755100000,0x0000009755200000] [id=4100]
  0x00000215cd3a6000 ConcurrentGCThread "G1 Conc#0" [stack: 0x0000009755200000,0x0000009755300000] [id=4892]

[error occurred during error reporting (printing all threads), id 0xc0000005, EXCEPTION_ACCESS_VIOLATION (0xc0000005) at pc=0x00007ffecd57c437]

VM state:not at safepoint (not fully initialized)

VM Mutex/Monitor currently owned by a thread:  ([mutex/lock_event])
[0x00000215cd32b810] Heap_lock - owner thread: 0x00000215cd32f000

Heap address: 0x0000000704e00000, size: 4018 MB, Compressed Oops mode: Non-zero based: 0x0000000704e00000
Narrow klass base: 0x0000000000000000, Narrow klass shift: 0

GC Heap History (0 events):
No events

Deoptimization events (0 events):
No events

Classes redefined (0 events):
No events

Internal exceptions (0 events):
No events

Events (1 events):
Event: 0.006 Loaded shared library C:\Program Files\JetBrains\IntelliJ IDEA 2021.1.1\jbr\bin\zip.dll


Dynamic libraries:
0x00007ff73dee0000 - 0x00007ff73deea000 	C:\Program Files\JetBrains\IntelliJ IDEA 2021.1.1\jbr\bin\java.exe
0x00007fff3c310000 - 0x00007fff3c505000 	C:\windows\SYSTEM32\ntdll.dll
0x00007fff3a500000 - 0x00007fff3a5bd000 	C:\windows\System32\KERNEL32.DLL
0x00007fff39bd0000 - 0x00007fff39e99000 	C:\windows\System32\KERNELBASE.dll
0x00007fff3a1f0000 - 0x00007fff3a2f0000 	C:\windows\System32\ucrtbase.dll
0x00007fff2e530000 - 0x00007fff2e549000 	C:\Program Files\JetBrains\IntelliJ IDEA 2021.1.1\jbr\bin\jli.dll
0x00007fff24380000 - 0x00007fff24397000 	C:\Program Files\JetBrains\IntelliJ IDEA 2021.1.1\jbr\bin\VCRUNTIME140.dll
0x00007fff3beb0000 - 0x00007fff3c050000 	C:\windows\System32\USER32.dll
0x00007fff1c160000 - 0x00007fff1c3fa000 	C:\windows\WinSxS\amd64_microsoft.windows.common-controls_6595b64144ccf1df_6.0.19041.1083_none_60bbe31371f34e71\COMCTL32.dll
0x00007fff3a350000 - 0x00007fff3a372000 	C:\windows\System32\win32u.dll
0x00007fff3ac20000 - 0x00007fff3acbe000 	C:\windows\System32\msvcrt.dll
0x00007fff3c140000 - 0x00007fff3c16a000 	C:\windows\System32\GDI32.dll
0x00007fff3a0b0000 - 0x00007fff3a1bb000 	C:\windows\System32\gdi32full.dll
0x00007fff39ae0000 - 0x00007fff39b7d000 	C:\windows\System32\msvcp_win.dll
0x00007fff3a4d0000 - 0x00007fff3a500000 	C:\windows\System32\IMM32.DLL
0x00007ffee81e0000 - 0x00007ffee827d000 	C:\Program Files\JetBrains\IntelliJ IDEA 2021.1.1\jbr\bin\msvcp140.dll
0x00007ffecd290000 - 0x00007ffecdddf000 	C:\Program Files\JetBrains\IntelliJ IDEA 2021.1.1\jbr\bin\server\jvm.dll
0x00007fff3bcd0000 - 0x00007fff3bd7c000 	C:\windows\System32\ADVAPI32.dll
0x00007fff3c170000 - 0x00007fff3c20b000 	C:\windows\System32\sechost.dll
0x00007fff3bd80000 - 0x00007fff3beaa000 	C:\windows\System32\RPCRT4.dll
0x00007fff3c0d0000 - 0x00007fff3c0d8000 	C:\windows\System32\PSAPI.DLL
0x00007fff12360000 - 0x00007fff12369000 	C:\windows\SYSTEM32\WSOCK32.dll
0x00007fff38770000 - 0x00007fff3877a000 	C:\windows\SYSTEM32\VERSION.dll
0x00007fff22cc0000 - 0x00007fff22ce7000 	C:\windows\SYSTEM32\WINMM.dll
0x00007fff3b400000 - 0x00007fff3b46b000 	C:\windows\System32\WS2_32.dll
0x00007fff38190000 - 0x00007fff381a2000 	C:\windows\SYSTEM32\kernel.appcore.dll
0x00007ffedaf40000 - 0x00007ffedaf51000 	C:\Program Files\JetBrains\IntelliJ IDEA 2021.1.1\jbr\bin\verify.dll
0x00007fff37cf0000 - 0x00007fff37ed4000 	C:\windows\SYSTEM32\DBGHELP.DLL
0x00007fff10a60000 - 0x00007fff10a8c000 	C:\windows\SYSTEM32\dbgcore.DLL
0x00007fff39a50000 - 0x00007fff39ad3000 	C:\windows\System32\bcryptPrimitives.dll
0x00007ffedabb0000 - 0x00007ffedabd9000 	C:\Program Files\JetBrains\IntelliJ IDEA 2021.1.1\jbr\bin\java.dll
0x00007fff24d40000 - 0x00007fff24d4b000 	C:\Program Files\JetBrains\IntelliJ IDEA 2021.1.1\jbr\bin\jimage.dll
0x00007ffed9c70000 - 0x00007ffed9c88000 	C:\Program Files\JetBrains\IntelliJ IDEA 2021.1.1\jbr\bin\zip.dll

dbghelp: loaded successfully - version: 4.0.5 - missing functions: none
symbol engine: initialized successfully - sym options: 0x614 - pdb path: .;C:\Program Files\JetBrains\IntelliJ IDEA 2021.1.1\jbr\bin;C:\windows\SYSTEM32;C:\windows\WinSxS\amd64_microsoft.windows.common-controls_6595b64144ccf1df_6.0.19041.1083_none_60bbe31371f34e71;C:\Program Files\JetBrains\IntelliJ IDEA 2021.1.1\jbr\bin\server

VM Arguments:
java_command: org.jetbrains.git4idea.http.GitAskPassApp Username for 'https://github.com': 
java_class_path (initial): C:/Program Files/JetBrains/IntelliJ IDEA 2021.1.1/plugins/git4idea/lib/git4idea-rt.jar;C:/Program Files/JetBrains/IntelliJ IDEA 2021.1.1/lib/xmlrpc-2.0.1.jar;C:/Program Files/JetBrains/IntelliJ IDEA 2021.1.1/lib/commons-codec-1.15.jar
Launcher Type: SUN_STANDARD

[Global flags]
     intx CICompilerCount                          = 4                                         {product} {ergonomic}
     uint ConcGCThreads                            = 2                                         {product} {ergonomic}
     uint G1ConcRefinementThreads                  = 8                                         {product} {ergonomic}
   size_t G1HeapRegionSize                         = 1048576                                   {product} {ergonomic}
    uintx GCDrainStackTargetSize                   = 64                                        {product} {ergonomic}
   size_t InitialHeapSize                          = 264241152                                 {product} {ergonomic}
   size_t MarkStackSize                            = 4194304                                   {product} {ergonomic}
   size_t MaxHeapSize                              = 4213178368                                {product} {ergonomic}
   size_t MinHeapDeltaBytes                        = 1048576                                   {product} {ergonomic}
    uintx NonNMethodCodeHeapSize                   = 5836300                                {pd product} {ergonomic}
    uintx NonProfiledCodeHeapSize                  = 122910970                              {pd product} {ergonomic}
    uintx ProfiledCodeHeapSize                     = 122910970                              {pd product} {ergonomic}
    uintx ReservedCodeCacheSize                    = 251658240                              {pd product} {ergonomic}
     bool SegmentedCodeCache                       = true                                      {product} {ergonomic}
     bool UseCompressedClassPointers               = true                                 {lp64_product} {ergonomic}
     bool UseCompressedOops                        = true                                 {lp64_product} {ergonomic}
     bool UseG1GC                                  = true                                      {product} {ergonomic}
     bool UseLargePagesIndividualAllocation        = false                                  {pd product} {ergonomic}

Logging:
Log output configuration:
 #0: stdout all=warning uptime,level,tags
 #1: stderr all=off uptime,level,tags

Environment Variables:
JAVA_HOME=C:\Program Files\Java\jdk1.8.0_221
PATH=C:\Program Files\Git\mingw64\libexec\git-core;C:\Program Files\Git\mingw64\libexec\git-core;C:\Program Files\Git\mingw64\bin;C:\Program Files\Git\usr\bin;C:\Users\HP\bin;C:\Program Files (x86)\Common Files\Oracle\Java\javapath;C:\windows\system32;C:\windows;C:\windows\System32\Wbem;C:\windows\System32\WindowsPowerShell\v1.0;C:\windows\System32\OpenSSH;C:\Program Files\nodejs;C:\Program Files\Git\cmd;C:\Program Files\Microsoft SQL Server\Client SDK\ODBC\170\Tools\Binn;C:\Program Files (x86)\Microsoft SQL Server\150\Tools\Binn;C:\Program Files\Microsoft SQL Server\150\Tools\Binn;C:\Program Files\Microsoft SQL Server\150\DTS\Binn;C:\Program Files (x86)\Microsoft SQL Server\150\DTS\Binn;C:\Program Files\dotnet;C:\Program Files\Docker\Docker\resources\bin;C:\ProgramData\DockerDesktop\version-bin;C:\Program Files\Azure Data Studio\bin;B:\flutter\bin;C:\ProgramData\chocolatey\bin;C:\Program Files\Maven\apache-maven-3.8.1\bin;C:\Users\HP\AppData\Local\Microsoft\WindowsApps;C:\Users\HP\AppData\Roaming\npm;C:\Users\HP\AppData\Local\Programs\Microsoft VS Code\bin;C:\Users\HP\AppData\Local\GitHubDesktop\bin;C:\Program Files\JetBrains\IntelliJ IDEA Community Edition 2020.3.3\bin;C:\Program Files\Azure Data Studio\bin;C:\Program Files\JetBrains\IntelliJ IDEA 2021.1.1\bin;C:\tools\dart-sdk\bin;C:\Users\HP\AppData\Roaming\Pub\Cache\bin
USERNAME=HP
DISPLAY=:0.0
LC_ALL=en_US.UTF-8
OS=Windows_NT
PROCESSOR_IDENTIFIER=Intel64 Family 6 Model 140 Stepping 1, GenuineIntel



---------------  S Y S T E M  ---------------

OS: Windows 10 , 64 bit Build 19041 (10.0.19041.1023)
OS uptime: 7 days 22:09 hours
Hyper-V role detected

CPU:total 8 (initial active 8) (4 cores per cpu, 2 threads per core) family 6 model 140 stepping 1 microcode 0x8a, cmov, cx8, fxsr, mmx, sse, sse2, sse3, ssse3, sse4.1, sse4.2, popcnt, avx, avx2, aes, clmul, erms, 3dnowpref, lzcnt, ht, tsc, tscinvbit, bmi1, bmi2, adx, evex, sha, fma

Memory: 4k page, system-wide physical 16064M (4003M free)
TotalPageFile size 24150M (AvailPageFile size 88M)
current process WorkingSet (physical memory assigned to process): 10M, peak: 10M
current process commit charge ("private bytes"): 60M, peak: 312M

vm_info: Dynamic Code Evolution 64-Bit Server VM (11.0.10+9-b1341.41) for windows-amd64 JRE (11.0.10+9-b1341.41), built on Apr 17 2021 07:18:15 by "" with MS VC++ 14.0 (VS2015)

END.
